<?xml version="1.0" encoding="UTF-8"?>
<testng-results ignored="0" total="2" passed="2" failed="0" skipped="0">
  <reporter-output>
  </reporter-output>
  <suite started-at="2023-07-20T07:55:57 GMT" name="Default suite" finished-at="2023-07-20T07:56:02 GMT" duration-ms="5658">
    <groups>
    </groups>
    <test started-at="2023-07-20T07:55:57 GMT" name="Default test" finished-at="2023-07-20T07:56:02 GMT" duration-ms="5658">
      <class name="testScripts.PlaceOrderTest">
        <test-method is-config="true" signature="launchApp()[pri:0, instance:testScripts.PlaceOrderTest@f5acb9d]" started-at="2023-07-20T07:55:57 GMT" name="launchApp" finished-at="2023-07-20T07:56:01 GMT" duration-ms="4798" status="PASS">
          <reporter-output>
          </reporter-output>
        </test-method> <!-- launchApp -->
        <test-method signature="searchItemTest()[pri:1, instance:testScripts.PlaceOrderTest@f5acb9d]" started-at="2023-07-20T07:56:01 GMT" name="searchItemTest" finished-at="2023-07-20T07:56:02 GMT" duration-ms="729" status="PASS">
          <reporter-output>
          </reporter-output>
        </test-method> <!-- searchItemTest -->
        <test-method signature="checkOutTest()[pri:2, instance:testScripts.PlaceOrderTest@f5acb9d]" started-at="2023-07-20T07:56:02 GMT" name="checkOutTest" finished-at="2023-07-20T07:56:02 GMT" duration-ms="86" status="PASS">
          <reporter-output>
          </reporter-output>
        </test-method> <!-- checkOutTest -->
      </class> <!-- testScripts.PlaceOrderTest -->
    </test> <!-- Default test -->
  </suite> <!-- Default suite -->
</testng-results>
